<?xml version="1.0" encoding="UTF-8"?>
<!-- Generated by org.testng.reporters.JUnitXMLReporter -->
<testsuite hostname="PradeepVK" name="Test" tests="6" failures="0" timestamp="15 Dec 2017 16:31:18 GMT" time="0.939" errors="0">
  <testcase name="testing" time="0.031" classname="testcase1.Tc001_Loginwithrecords">
    <skipped/>
  </testcase> <!-- testing -->
  <testcase name="testing" time="0.0" classname="testcase1.Tc001_Loginwithrecords"/>
  <testcase name="testing" time="0.0" classname="testcase1.Tc001_Loginwithrecords"/>
  <testcase name="testing" time="0.0" classname="testcase1.Tc001_Loginwithrecords">
    <skipped/>
  </testcase> <!-- testing -->
  <testcase name="testing" time="0.011" classname="testcase1.Tc001_Loginwithrecords"/>
  <testcase name="testing" time="0.041" classname="testcase1.Tc001_Loginwithrecords">
    <skipped/>
  </testcase> <!-- testing -->
</testsuite> <!-- Test -->
