<?xml version="1.0" encoding="UTF-8"?>
<testsuite xmlns:xsi="http://www.w3.org/2001/XMLSchema-instance" xsi:schemaLocation="https://maven.apache.org/surefire/maven-surefire-plugin/xsd/surefire-test-report.xsd" name="TestSuite" time="12.693" tests="7" errors="0" skipped="3" failures="1">
  <properties>
[...]
</properties>
  <testcase name="testing" classname="testcase1.Tc001_Loginwithrecords" time="0">
    <skipped message="Mode is N"/>
    <system-out><![CDATA[2017-12-01 18:57:22 INFO  Testbase:109 - Initialization completed-----------Now Trigerring Browser
2017-12-01 18:57:22 INFO  Testbase:109 - Browser launching
2017-12-01 18:57:28 INFO  Testbase:109 - URL opening
2017-12-01 18:57:30 INFO  Testbase:109 - back from init
2017-12-01 18:57:31 INFO  Testbase:109 - path of file found and set
2017-12-01 18:57:31 INFO  Listners:14 - Test started from listner
2017-12-01 18:57:31 INFO  Listners:14 - Test started from listner
2017-12-01 18:57:31 INFO  Testbase:109 - Entered1
2017-12-01 18:57:31 INFO  Testbase:109 - ENvronment from jenkinsSIT
2017-12-01 18:57:31 INFO  Testbase:109 - Url from jenkinshttps://www.google.com
2017-12-01 18:57:31 INFO  Listners:33 - Skipped test log
]]></system-out>
    <system-err><![CDATA[Starting ChromeDriver 2.28.455520 (cc17746adff54984afff480136733114c6b3704b) on port 42177
Only local connections are allowed.
Dec 01, 2017 6:57:27 PM org.openqa.selenium.remote.ProtocolHandshake createSession
INFO: Detected dialect: OSS
]]></system-err>
  </testcase>
  <testcase name="testing" classname="testcase1.Tc001_Loginwithrecords" time="0.004"/>
  <testcase name="testing" classname="testcase1.Tc001_Loginwithrecords" time="0.006"/>
  <testcase name="testing" classname="testcase1.Tc001_Loginwithrecords" time="0">
    <skipped message="Mode is N"/>
    <system-out><![CDATA[2017-12-01 18:57:31 INFO  Listners:20 - Test case passed and status is1
2017-12-01 18:57:31 INFO  Listners:14 - Test started from listner
2017-12-01 18:57:31 INFO  Listners:14 - Test started from listner
2017-12-01 18:57:31 INFO  Testbase:109 - Entered1
2017-12-01 18:57:31 INFO  Testbase:109 - ENvronment from jenkinsSIT
2017-12-01 18:57:31 INFO  Testbase:109 - Url from jenkinshttps://www.google.com
2017-12-01 18:57:31 INFO  Listners:33 - Skipped test log
]]></system-out>
  </testcase>
  <testcase name="testing" classname="testcase1.Tc001_Loginwithrecords" time="0.005"/>
  <testcase name="testing" classname="testcase1.Tc001_Loginwithrecords" time="0">
    <skipped message="Mode is N"/>
    <system-out><![CDATA[2017-12-01 18:57:31 INFO  Listners:20 - Test case passed and status is1
2017-12-01 18:57:31 INFO  Listners:14 - Test started from listner
2017-12-01 18:57:31 INFO  Listners:14 - Test started from listner
2017-12-01 18:57:31 INFO  Testbase:109 - Entered1
2017-12-01 18:57:31 INFO  Testbase:109 - ENvronment from jenkinsSIT
2017-12-01 18:57:31 INFO  Testbase:109 - Url from jenkinshttps://www.google.com
2017-12-01 18:57:31 INFO  Listners:33 - Skipped test log
]]></system-out>
  </testcase>
  <testcase name="closeBrowser" classname="testcase1.Tc001_Loginwithrecords" time="2.063">
    <failure message="chrome not reachable&#10;  (Session info: chrome=62.0.3202.94)&#10;  (Driver info: chromedriver=2.28.455520 (cc17746adff54984afff480136733114c6b3704b),platform=Windows NT 6.3.9600 x86_64) (WARNING: The server did not provide any stacktrace information)&#10;Command duration or timeout: 0 milliseconds&#10;Build info: version: &apos;3.6.0&apos;, revision: &apos;6fbf3ec767&apos;, time: &apos;2017-09-27T15:28:36.4Z&apos;&#10;System info: host: &apos;PRADEEPVK&apos;, ip: &apos;192.168.0.101&apos;, os.name: &apos;Windows 8.1&apos;, os.arch: &apos;amd64&apos;, os.version: &apos;6.3&apos;, java.version: &apos;1.8.0_73&apos;&#10;Driver info: org.openqa.selenium.chrome.ChromeDriver&#10;Capabilities [{applicationCacheEnabled=false, rotatable=false, mobileEmulationEnabled=false, networkConnectionEnabled=false, chrome={chromedriverVersion=2.28.455520 (cc17746adff54984afff480136733114c6b3704b), userDataDir=C:\Windows\TEMP\scoped_dir8852_24103}, takesHeapSnapshot=true, pageLoadStrategy=normal, unhandledPromptBehavior=, databaseEnabled=false, handlesAlerts=true, hasTouchScreen=false, version=62.0.3202.94, platform=XP, browserConnectionEnabled=false, nativeEvents=true, acceptSslCerts=true, locationContextEnabled=true, webStorageEnabled=true, browserName=chrome, takesScreenshot=true, javascriptEnabled=true, platformName=XP, cssSelectorsEnabled=true, unexpectedAlertBehaviour=}]&#10;Session ID: 922a47598135847afb54efdaeacdea4b" type="org.openqa.selenium.WebDriverException">org.openqa.selenium.WebDriverException: 
chrome not reachable
  (Session info: chrome=62.0.3202.94)
  (Driver info: chromedriver=2.28.455520 (cc17746adff54984afff480136733114c6b3704b),platform=Windows NT 6.3.9600 x86_64) (WARNING: The server did not provide any stacktrace information)
Command duration or timeout: 0 milliseconds
Build info: version: '3.6.0', revision: '6fbf3ec767', time: '2017-09-27T15:28:36.4Z'
System info: host: 'PRADEEPVK', ip: '192.168.0.101', os.name: 'Windows 8.1', os.arch: 'amd64', os.version: '6.3', java.version: '1.8.0_73'
Driver info: org.openqa.selenium.chrome.ChromeDriver
Capabilities [{applicationCacheEnabled=false, rotatable=false, mobileEmulationEnabled=false, networkConnectionEnabled=false, chrome={chromedriverVersion=2.28.455520 (cc17746adff54984afff480136733114c6b3704b), userDataDir=C:\Windows\TEMP\scoped_dir8852_24103}, takesHeapSnapshot=true, pageLoadStrategy=normal, unhandledPromptBehavior=, databaseEnabled=false, handlesAlerts=true, hasTouchScreen=false, version=62.0.3202.94, platform=XP, browserConnectionEnabled=false, nativeEvents=true, acceptSslCerts=true, locationContextEnabled=true, webStorageEnabled=true, browserName=chrome, takesScreenshot=true, javascriptEnabled=true, platformName=XP, cssSelectorsEnabled=true, unexpectedAlertBehaviour=}]
Session ID: 922a47598135847afb54efdaeacdea4b
	at testcase1.Tc001_Loginwithrecords.closeBrowser(Tc001_Loginwithrecords.java:70)
</failure>
    <system-out><![CDATA[2017-12-01 18:57:31 INFO  Listners:33 - Skipped test log
]]></system-out>
  </testcase>
</testsuite>